0: command not found
[2026-03-27T03:00:01.299525+00:00] score_sat_fleet.py running
  Outside scoring window (2026-04-01 – 2026-05-31)
  Logging status check only.
  fetch_text FAILED https://celestrak.org/pub/TLE/active.txt: HTTP Error 403: Forbidden
  fetch_text FAILED https://celestrak.org/pub/TLE/stations.txt: HTTP Error 403: Forbidden
  CelesTrak: leo_approx=None  total=None
  G4+ storms since Apr 1: 0
  Written to /var/log/heliodata/sat_fleet_log.jsonl
  Scoring entry written: status=insufficient_data score=None

Pred 16 preliminary: insufficient_data (score=None)
[2026-03-28T03:00:01.405699+00:00] score_sat_fleet.py running
  Outside scoring window (2026-04-01 – 2026-05-31)
  Logging status check only.
  fetch_text FAILED https://celestrak.org/pub/TLE/active.txt: HTTP Error 403: Forbidden
  fetch_text FAILED https://celestrak.org/pub/TLE/stations.txt: HTTP Error 403: Forbidden
  CelesTrak: leo_approx=None  total=None
  G4+ storms since Apr 1: 0
  Written to /var/log/heliodata/sat_fleet_log.jsonl
  Scoring entry written: status=insufficient_data score=None

Pred 16 preliminary: insufficient_data (score=None)
[2026-03-29T02:00:01.179076+00:00] score_sat_fleet.py running
  Outside scoring window (2026-04-01 – 2026-05-31)
  Logging status check only.
  fetch_text FAILED https://celestrak.org/pub/TLE/active.txt: HTTP Error 403: Forbidden
  fetch_text FAILED https://celestrak.org/pub/TLE/stations.txt: HTTP Error 403: Forbidden
  CelesTrak: leo_approx=None  total=None
  G4+ storms since Apr 1: 0
  Written to /var/log/heliodata/sat_fleet_log.jsonl
  Scoring entry written: status=insufficient_data score=None

Pred 16 preliminary: insufficient_data (score=None)
[2026-03-30T02:00:01.071169+00:00] score_sat_fleet.py running
  Outside scoring window (2026-04-01 – 2026-05-31)
  Logging status check only.
  fetch_text FAILED https://celestrak.org/pub/TLE/active.txt: HTTP Error 403: Forbidden
  fetch_text FAILED https://celestrak.org/pub/TLE/stations.txt: HTTP Error 403: Forbidden
  CelesTrak: leo_approx=None  total=None
  G4+ storms since Apr 1: 0
  Written to /var/log/heliodata/sat_fleet_log.jsonl
  Scoring entry written: status=insufficient_data score=None

Pred 16 preliminary: insufficient_data (score=None)
[2026-03-31T02:00:01.830084+00:00] score_sat_fleet.py running
  Outside scoring window (2026-04-01 – 2026-05-31)
  Logging status check only.
  fetch_text FAILED https://celestrak.org/pub/TLE/active.txt: HTTP Error 403: Forbidden
  fetch_text FAILED https://celestrak.org/pub/TLE/stations.txt: HTTP Error 403: Forbidden
  CelesTrak: leo_approx=None  total=None
  G4+ storms since Apr 1: 0
  Written to /var/log/heliodata/sat_fleet_log.jsonl
  Scoring entry written: status=insufficient_data score=None

Pred 16 preliminary: insufficient_data (score=None)
[2026-04-01T02:00:01.921769+00:00] score_sat_fleet.py running
  fetch_text FAILED https://celestrak.org/pub/TLE/active.txt: HTTP Error 403: Forbidden
  fetch_text FAILED https://celestrak.org/pub/TLE/stations.txt: HTTP Error 403: Forbidden
  CelesTrak: leo_approx=None  total=None
  G4+ storms since Apr 1: 0
  Written to /var/log/heliodata/sat_fleet_log.jsonl
  Scoring entry written: status=insufficient_data score=None

Pred 16 preliminary: insufficient_data (score=None)
[2026-04-02T02:00:01.577010+00:00] score_sat_fleet.py running
  fetch_text FAILED https://celestrak.org/pub/TLE/active.txt: HTTP Error 403: Forbidden
  fetch_text FAILED https://celestrak.org/pub/TLE/stations.txt: HTTP Error 403: Forbidden
  CelesTrak: leo_approx=None  total=None
  G4+ storms since Apr 1: 0
  Written to /var/log/heliodata/sat_fleet_log.jsonl
  Scoring entry written: status=insufficient_data score=None

Pred 16 preliminary: insufficient_data (score=None)
[2026-04-03T02:00:01.567489+00:00] score_sat_fleet.py running
  fetch_text FAILED https://celestrak.org/pub/TLE/active.txt: HTTP Error 403: Forbidden
  fetch_text FAILED https://celestrak.org/pub/TLE/stations.txt: HTTP Error 403: Forbidden
  CelesTrak: leo_approx=None  total=None
  G4+ storms since Apr 1: 0
  Written to /var/log/heliodata/sat_fleet_log.jsonl
  Scoring entry written: status=insufficient_data score=None

Pred 16 preliminary: insufficient_data (score=None)
[2026-04-04T02:00:01.590090+00:00] score_sat_fleet.py running
  fetch_text FAILED https://celestrak.org/pub/TLE/active.txt: HTTP Error 403: Forbidden
  fetch_text FAILED https://celestrak.org/pub/TLE/stations.txt: HTTP Error 403: Forbidden
  CelesTrak: leo_approx=None  total=None
  G4+ storms since Apr 1: 0
  Written to /var/log/heliodata/sat_fleet_log.jsonl
  Scoring entry written: status=insufficient_data score=None

Pred 16 preliminary: insufficient_data (score=None)
